# JRE version: Java(TM) SE Runtime Environment (8.0_321-b07) (build 1.8.0_321-b07)
# Java VM: Java HotSpot(TM) 64-Bit Server VM (25.321-b07 mixed mode windows-amd64 compressed oops)
Heap:
 PSYoungGen      total 228352K, used 117261K [0x000000076b400000, 0x000000077d080000, 0x00000007c0000000)
  eden space 209408K, 55% used [0x000000076b400000,0x00000007726834f0,0x0000000778080000)
  from space 18944K, 0% used [0x0000000778080000,0x0000000778080000,0x0000000779300000)
  to   space 19456K, 0% used [0x000000077bd80000,0x000000077bd80000,0x000000077d080000)
 ParOldGen       total 247808K, used 28158K [0x00000006c1c00000, 0x00000006d0e00000, 0x000000076b400000)
  object space 247808K, 11% used [0x00000006c1c00000,0x00000006c377f8c8,0x00000006d0e00000)
 Metaspace       used 57469K, capacity 61012K, committed 61056K, reserved 1101824K
  class space    used 7917K, capacity 8545K, committed 8576K, reserved 1048576K
GC Heap History (10 events):
Event: 4.752 GC heap before
{Heap before GC invocations=8 (full 2):
 PSYoungGen      total 176640K, used 12791K [0x000000076b400000, 0x0000000779200000, 0x00000007c0000000)
  eden space 163840K, 0% used [0x000000076b400000,0x000000076b400000,0x0000000775400000)
  from space 12800K, 99% used [0x0000000776280000,0x0000000776efde50,0x0000000776f00000)
  to   space 14848K, 0% used [0x0000000775400000,0x0000000775400000,0x0000000776280000)
 ParOldGen       total 100352K, used 9281K [0x00000006c1c00000, 0x00000006c7e00000, 0x000000076b400000)
  object space 100352K, 9% used [0x00000006c1c00000,0x00000006c2510628,0x00000006c7e00000)
 Metaspace       used 33300K, capacity 35396K, committed 35496K, reserved 1079296K
  class space    used 4463K, capacity 4850K, committed 4864K, reserved 1048576K
Event: 4.842 GC heap after
Heap after GC invocations=8 (full 2):
 PSYoungGen      total 176640K, used 0K [0x000000076b400000, 0x0000000779200000, 0x00000007c0000000)
  eden space 163840K, 0% used [0x000000076b400000,0x000000076b400000,0x0000000775400000)
  from space 12800K, 0% used [0x0000000776280000,0x0000000776280000,0x0000000776f00000)
  to   space 14848K, 0% used [0x0000000775400000,0x0000000775400000,0x0000000776280000)
 ParOldGen       total 174080K, used 18564K [0x00000006c1c00000, 0x00000006cc600000, 0x000000076b400000)
  object space 174080K, 10% used [0x00000006c1c00000,0x00000006c2e21190,0x00000006cc600000)
 Metaspace       used 33300K, capacity 35396K, committed 35496K, reserved 1079296K
  class space    used 4463K, capacity 4850K, committed 4864K, reserved 1048576K
}
Event: 6.349 GC heap before
{Heap before GC invocations=9 (full 2):
 PSYoungGen      total 176640K, used 163840K [0x000000076b400000, 0x0000000779200000, 0x00000007c0000000)
  eden space 163840K, 100% used [0x000000076b400000,0x0000000775400000,0x0000000775400000)
  from space 12800K, 0% used [0x0000000776280000,0x0000000776280000,0x0000000776f00000)
  to   space 14848K, 0% used [0x0000000775400000,0x0000000775400000,0x0000000776280000)
 ParOldGen       total 174080K, used 18564K [0x00000006c1c00000, 0x00000006cc600000, 0x000000076b400000)
  object space 174080K, 10% used [0x00000006c1c00000,0x00000006c2e21190,0x00000006cc600000)
 Metaspace       used 48498K, capacity 51104K, committed 51328K, reserved 1093632K
  class space    used 6744K, capacity 7229K, committed 7296K, reserved 1048576K
Event: 6.363 GC heap after
Heap after GC invocations=9 (full 2):
 PSYoungGen      total 178688K, used 14845K [0x000000076b400000, 0x000000077a900000, 0x00000007c0000000)
  eden space 163840K, 0% used [0x000000076b400000,0x000000076b400000,0x0000000775400000)
  from space 14848K, 99% used [0x0000000775400000,0x000000077627f578,0x0000000776280000)
  to   space 18432K, 0% used [0x0000000779700000,0x0000000779700000,0x000000077a900000)
 ParOldGen       total 174080K, used 21697K [0x00000006c1c00000, 0x00000006cc600000, 0x000000076b400000)
  object space 174080K, 12% used [0x00000006c1c00000,0x00000006c3130778,0x00000006cc600000)
 Metaspace       used 48498K, capacity 51104K, committed 51328K, reserved 1093632K
  class space    used 6744K, capacity 7229K, committed 7296K, reserved 1048576K
}
Event: 9.452 GC heap before
{Heap before GC invocations=10 (full 2):
 PSYoungGen      total 178688K, used 178685K [0x000000076b400000, 0x000000077a900000, 0x00000007c0000000)
  eden space 163840K, 100% used [0x000000076b400000,0x0000000775400000,0x0000000775400000)
  from space 14848K, 99% used [0x0000000775400000,0x000000077627f578,0x0000000776280000)
  to   space 18432K, 0% used [0x0000000779700000,0x0000000779700000,0x000000077a900000)
 ParOldGen       total 174080K, used 21697K [0x00000006c1c00000, 0x00000006cc600000, 0x000000076b400000)
  object space 174080K, 12% used [0x00000006c1c00000,0x00000006c3130778,0x00000006cc600000)
 Metaspace       used 53582K, capacity 56940K, committed 56960K, reserved 1097728K
  class space    used 7459K, capacity 8053K, committed 8064K, reserved 1048576K
Event: 9.467 GC heap after
Heap after GC invocations=10 (full 2):
 PSYoungGen      total 223232K, used 14381K [0x000000076b400000, 0x000000077a580000, 0x00000007c0000000)
  eden space 208384K, 0% used [0x000000076b400000,0x000000076b400000,0x0000000777f80000)
  from space 14848K, 96% used [0x0000000779700000,0x000000077a50b718,0x000000077a580000)
  to   space 18944K, 0% used [0x0000000778080000,0x0000000778080000,0x0000000779300000)
 ParOldGen       total 174080K, used 21705K [0x00000006c1c00000, 0x00000006cc600000, 0x000000076b400000)
  object space 174080K, 12% used [0x00000006c1c00000,0x00000006c3132778,0x00000006cc600000)
 Metaspace       used 53582K, capacity 56940K, committed 56960K, reserved 1097728K
  class space    used 7459K, capacity 8053K, committed 8064K, reserved 1048576K
}
Event: 9.945 GC heap before
{Heap before GC invocations=11 (full 2):
 PSYoungGen      total 223232K, used 107280K [0x000000076b400000, 0x000000077a580000, 0x00000007c0000000)
  eden space 208384K, 44% used [0x000000076b400000,0x0000000770eb8b90,0x0000000777f80000)
  from space 14848K, 96% used [0x0000000779700000,0x000000077a50b718,0x000000077a580000)
  to   space 18944K, 0% used [0x0000000778080000,0x0000000778080000,0x0000000779300000)
 ParOldGen       total 174080K, used 21705K [0x00000006c1c00000, 0x00000006cc600000, 0x000000076b400000)
  object space 174080K, 12% used [0x00000006c1c00000,0x00000006c3132778,0x00000006cc600000)
 Metaspace       used 55657K, capacity 59042K, committed 59160K, reserved 1099776K
  class space    used 7669K, capacity 8250K, committed 8320K, reserved 1048576K
Event: 9.959 GC heap after
Heap after GC invocations=11 (full 2):
 PSYoungGen      total 228352K, used 13843K [0x000000076b400000, 0x000000077d080000, 0x00000007c0000000)
  eden space 209408K, 0% used [0x000000076b400000,0x000000076b400000,0x0000000778080000)
  from space 18944K, 73% used [0x0000000778080000,0x0000000778e04cd0,0x0000000779300000)
  to   space 19456K, 0% used [0x000000077bd80000,0x000000077bd80000,0x000000077d080000)
 ParOldGen       total 174080K, used 21713K [0x00000006c1c00000, 0x00000006cc600000, 0x000000076b400000)
  object space 174080K, 12% used [0x00000006c1c00000,0x00000006c3134778,0x00000006cc600000)
 Metaspace       used 55657K, capacity 59042K, committed 59160K, reserved 1099776K
  class space    used 7669K, capacity 8250K, committed 8320K, reserved 1048576K
}
Event: 9.959 GC heap before
{Heap before GC invocations=12 (full 3):
 PSYoungGen      total 228352K, used 13843K [0x000000076b400000, 0x000000077d080000, 0x00000007c0000000)
  eden space 209408K, 0% used [0x000000076b400000,0x000000076b400000,0x0000000778080000)
  from space 18944K, 73% used [0x0000000778080000,0x0000000778e04cd0,0x0000000779300000)
  to   space 19456K, 0% used [0x000000077bd80000,0x000000077bd80000,0x000000077d080000)
 ParOldGen       total 174080K, used 21713K [0x00000006c1c00000, 0x00000006cc600000, 0x000000076b400000)
  object space 174080K, 12% used [0x00000006c1c00000,0x00000006c3134778,0x00000006cc600000)
 Metaspace       used 55657K, capacity 59042K, committed 59160K, reserved 1099776K
  class space    used 7669K, capacity 8250K, committed 8320K, reserved 1048576K
Event: 10.137 GC heap after
Heap after GC invocations=12 (full 3):
 PSYoungGen      total 228352K, used 0K [0x000000076b400000, 0x000000077d080000, 0x00000007c0000000)
  eden space 209408K, 0% used [0x000000076b400000,0x000000076b400000,0x0000000778080000)
  from space 18944K, 0% used [0x0000000778080000,0x0000000778080000,0x0000000779300000)
  to   space 19456K, 0% used [0x000000077bd80000,0x000000077bd80000,0x000000077d080000)
 ParOldGen       total 247808K, used 28158K [0x00000006c1c00000, 0x00000006d0e00000, 0x000000076b400000)
  object space 247808K, 11% used [0x00000006c1c00000,0x00000006c377f8c8,0x00000006d0e00000)
 Metaspace       used 55657K, capacity 59042K, committed 59160K, reserved 1099776K
  class space    used 7669K, capacity 8250K, committed 8320K, reserved 1048576K
}

